

commit f2511db5727c207e03e2156d0fe65e45acdb1912 (HEAD -> feature/authentication_via_password)
Merge: ba27d8c 345e20b
Author: Martin Bárta <martin.barta@siemens.com>
Date:   Thu Feb 4 15:31:25 2021 +0100

    Merge remote-tracking branch 'origin/development' into feature/authentication_via_password
ctdev@ctdev-VirtualBox ~/w/S/iam-client> python3 ../replace_submodules_by_links/replace_submodules_by_links.py
updating  ./libs/securityUtilities
updating  ./libs/https-client
updating  ./libs/logging-api
updating  ./libs/s2l2.interfaces
updating  ./libs/lic-conf-api
updating  ./tests/CppUTest
updating  ./tests/test_utils
updating  ./libs/init-notify
updating  ./libs/json
updating  ./libs/lump
updating  ./libs/securityUtilities/tests/cpputest
updating  ./libs/securityUtilities/libs/interfaces
linking   ./libs/securityUtilities/tests/component/libs/test_utils -> ./tests/test_utils
updating  ./libs/securityUtilities/libs/interfaces/tests/CppUTest
updating  ./libs/securityUtilities/libs/interfaces/libs/external/lib-optional
linking   ./libs/https-client/libs/interfaces -> ./libs/securityUtilities/libs/interfaces
updating  ./libs/https-client/libs/libxmlsecurity
linking   ./libs/https-client/tests/CppUTest -> ./libs/securityUtilities/tests/cpputest
updating  ./libs/https-client/tests/component/libs/http_mock
linking   ./libs/https-client/libs/logging-api -> ./libs/logging-api
linking   ./libs/https-client/tests/component/libs/test_utils -> ./tests/test_utils
linking   ./libs/https-client/libs/libxmlsecurity/tests/cpputest -> ./libs/securityUtilities/tests/cpputest
linking   ./libs/https-client/libs/libxmlsecurity/libs/interfaces -> ./libs/securityUtilities/libs/interfaces
linking   ./libs/https-client/libs/libxmlsecurity/libs/securityUtilities -> ./libs/securityUtilities
linking   ./libs/https-client/libs/libxmlsecurity/tests/component/libs/test_utils -> ./tests/test_utils
updating  ./libs/https-client/libs/libxmlsecurity/libs/xml_schema_definitions
updating  ./libs/https-client/tests/component/libs/http_mock/libs/interfaces
linking   ./libs/https-client/tests/component/libs/http_mock/tests/CppUTest -> ./libs/securityUtilities/tests/cpputest
updating  ./libs/https-client/tests/component/libs/http_mock/libs/boost
linking   ./libs/logging-api/libs/interfaces -> ./libs/securityUtilities/libs/interfaces
linking   ./libs/logging-api/tests/CppUTest -> ./libs/securityUtilities/tests/cpputest
linking   ./libs/logging-api/tests/test_utils -> ./tests/test_utils
linking   ./libs/s2l2.interfaces/tests/CppUTest -> ./libs/securityUtilities/tests/cpputest
updating  ./libs/s2l2.interfaces/libs/external/lib-optional
updating  ./libs/s2l2.interfaces/libs/external/lib-optional/test/external/googletest
linking   ./libs/lic-conf-api/libs/interfaces -> ./libs/securityUtilities/libs/interfaces
linking   ./libs/lic-conf-api/tests/CppUTest -> ./libs/securityUtilities/tests/cpputest
updating  ./libs/lic-conf-api/libs/licconfprovider
linking   ./libs/lic-conf-api/libs/licconfprovider/libs/interfaces -> ./libs/securityUtilities/libs/interfaces
linking   ./libs/lic-conf-api/libs/licconfprovider/tests/CppUTest -> ./libs/securityUtilities/tests/cpputest
linking   ./libs/lic-conf-api/libs/licconfprovider/libs/libxmlsecurity -> ./libs/https-client/libs/libxmlsecurity
linking   ./libs/lic-conf-api/libs/licconfprovider/libs/init-notify -> ./libs/init-notify
linking   ./libs/lic-conf-api/libs/licconfprovider/libs/file-downloader -> ./libs/https-client
updating  ./libs/lic-conf-api/libs/licconfprovider/tests/component/libs/http_mock
linking   ./libs/lic-conf-api/libs/licconfprovider/tests/test_utils -> ./tests/test_utils
linking   ./libs/lic-conf-api/libs/licconfprovider/tests/component/libs/http_mock/libs/interfaces -> ./libs/https-client/tests/component/libs/http_mock/libs/interfaces
linking   ./libs/lic-conf-api/libs/licconfprovider/tests/component/libs/http_mock/tests/CppUTest -> ./libs/securityUtilities/tests/cpputest
linking   ./libs/lic-conf-api/libs/licconfprovider/tests/component/libs/http_mock/libs/boost -> ./libs/https-client/tests/component/libs/http_mock/libs/boost
linking   ./tests/test_utils/libs/interfaces -> ./libs/securityUtilities/libs/interfaces
linking   ./tests/test_utils/libs/CppUTest -> ./libs/securityUtilities/tests/cpputest
updating  ./libs/lump/libs/s2l2.interfaces
linking   ./libs/lump/tests/libs/CppUTest -> ./libs/securityUtilities/tests/cpputest
updating  ./libs/lump/libs/securityUtilities
Traceback (most recent call last):
  File "../replace_submodules_by_links/replace_submodules_by_links.py", line 46, in <module>
    update_one_level()
  File "../replace_submodules_by_links/replace_submodules_by_links.py", line 42, in update_one_level
    update_one_level(m, cloned_mods)
  File "../replace_submodules_by_links/replace_submodules_by_links.py", line 38, in update_one_level
    m.update(force=True)
  File "/home/ctdev/.local/lib/python3.6/site-packages/git/objects/submodule/base.py", line 513, in update
    remote.fetch(progress=progress)
  File "/home/ctdev/.local/lib/python3.6/site-packages/git/remote.py", line 797, in fetch
    res = self._get_fetch_info_from_stderr(proc, progress)
  File "/home/ctdev/.local/lib/python3.6/site-packages/git/remote.py", line 676, in _get_fetch_info_from_stderr
    proc.wait(stderr=stderr_text)
  File "/home/ctdev/.local/lib/python3.6/site-packages/git/cmd.py", line 408, in wait
    raise GitCommandError(self.args, status, errstr)
git.exc.GitCommandError: Cmd('git') failed due to: exit code(1)
  cmdline: git fetch --progress -v origin
  stderr: 'fatal: bad object HEAD
error: ssh://code.siemens.com/mo_mm_linux_distribution/securityUtilities.git did not send all necessary objects
'
